фев 19, 2018 6:33:58 PM net.sourceforge.tessboxeditor.GuiWithSpinner stateChanged
WARNING: (x + width) is outside of Raster
java.awt.image.RasterFormatException: (x + width) is outside of Raster
	at sun.awt.image.ByteInterleavedRaster.createWritableChild(ByteInterleavedRaster.java:1245)
	at java.awt.image.BufferedImage.getSubimage(BufferedImage.java:1202)
	at net.sourceforge.tessboxeditor.GuiWithSpinner.stateChanged(GuiWithSpinner.java:69)
	at net.sourceforge.tessboxeditor.Gui.jSpinnerWStateChanged(Gui.java:1927)
	at net.sourceforge.tessboxeditor.Gui.access$1400(Gui.java:60)
	at net.sourceforge.tessboxeditor.Gui$26.stateChanged(Gui.java:704)
	at javax.swing.JSpinner.fireStateChanged(JSpinner.java:458)
	at javax.swing.JSpinner$ModelListener.stateChanged(JSpinner.java:386)
	at javax.swing.AbstractSpinnerModel.fireStateChanged(AbstractSpinnerModel.java:119)
	at javax.swing.SpinnerNumberModel.setValue(SpinnerNumberModel.java:447)
	at javax.swing.JSpinner.setValue(JSpinner.java:354)
	at net.sourceforge.tessboxeditor.Gui.updateXYWHData(Gui.java:1913)
	at net.sourceforge.tessboxeditor.components.JImageLabel$MouseAdapter.mouseReleased(JImageLabel.java:100)
	at java.awt.Component.processMouseEvent(Component.java:6533)
	at javax.swing.JComponent.processMouseEvent(JComponent.java:3324)
	at java.awt.Component.processEvent(Component.java:6298)
	at java.awt.Container.processEvent(Container.java:2237)
	at java.awt.Component.dispatchEventImpl(Component.java:4889)
	at java.awt.Container.dispatchEventImpl(Container.java:2295)
	at java.awt.Component.dispatchEvent(Component.java:4711)
	at java.awt.LightweightDispatcher.retargetMouseEvent(Container.java:4889)
	at java.awt.LightweightDispatcher.processMouseEvent(Container.java:4526)
	at java.awt.LightweightDispatcher.dispatchEvent(Container.java:4467)
	at java.awt.Container.dispatchEventImpl(Container.java:2281)
	at java.awt.Window.dispatchEventImpl(Window.java:2746)
	at java.awt.Component.dispatchEvent(Component.java:4711)
	at java.awt.EventQueue.dispatchEventImpl(EventQueue.java:758)
	at java.awt.EventQueue.access$500(EventQueue.java:97)
	at java.awt.EventQueue$3.run(EventQueue.java:709)
	at java.awt.EventQueue$3.run(EventQueue.java:703)
	at java.security.AccessController.doPrivileged(Native Method)
	at java.security.ProtectionDomain$JavaSecurityAccessImpl.doIntersectionPrivilege(ProtectionDomain.java:80)
	at java.security.ProtectionDomain$JavaSecurityAccessImpl.doIntersectionPrivilege(ProtectionDomain.java:90)
	at java.awt.EventQueue$4.run(EventQueue.java:731)
	at java.awt.EventQueue$4.run(EventQueue.java:729)
	at java.security.AccessController.doPrivileged(Native Method)
	at java.security.ProtectionDomain$JavaSecurityAccessImpl.doIntersectionPrivilege(ProtectionDomain.java:80)
	at java.awt.EventQueue.dispatchEvent(EventQueue.java:728)
	at java.awt.EventDispatchThread.pumpOneEventForFilters(EventDispatchThread.java:201)
	at java.awt.EventDispatchThread.pumpEventsForFilter(EventDispatchThread.java:116)
	at java.awt.EventDispatchThread.pumpEventsForHierarchy(EventDispatchThread.java:105)
	at java.awt.EventDispatchThread.pumpEvents(EventDispatchThread.java:101)
	at java.awt.EventDispatchThread.pumpEvents(EventDispatchThread.java:93)
	at java.awt.EventDispatchThread.run(EventDispatchThread.java:82)

